Arguments: 
  C:\Program Files\nodejs\node.exe C:\Users\mario\AppData\Roaming\npm\node_modules\yarn\bin\yarn.js add --dev @eslint/config

PATH: 
  C:\Users\mario\bin;C:\Program Files\Git\mingw64\bin;C:\Program Files\Git\usr\local\bin;C:\Program Files\Git\usr\bin;C:\Program Files\Git\usr\bin;C:\Program Files\Git\mingw64\bin;C:\Program Files\Git\usr\bin;C:\Users\mario\bin;C:\Program Files (x86)\VMware\VMware Player\bin;C:\Python311\Scripts;C:\Python311;C:\Windows\system32;C:\Windows;C:\Windows\System32\Wbem;C:\Windows\System32\WindowsPowerShell\v1.0;C:\Windows\System32\OpenSSH;C:\Program Files (x86)\NVIDIA Corporation\PhysX\Common;C:\ProgramData\chocolatey\bin;C:\Program Files\Git\cmd;C:\Program Files\dotnet;C:\Program Files\Docker\Docker\resources\bin;C:\ProgramData\DockerDesktop\version-bin;C:\Program Files\NVIDIA Corporation\NVIDIA NvDLISR;C:\WINDOWS\system32;C:\WINDOWS;C:\WINDOWS\System32\Wbem;C:\WINDOWS\System32\WindowsPowerShell\v1.0;C:\WINDOWS\System32\OpenSSH;%NVM_HOME%;%NVM_SYMLINK%;C:\Program Files\PowerShell\7;C:\Users\mario\.console-ninja\.bin;C:\Users\mario\AppData\Local\Microsoft\WindowsApps;C:\Users\mario\AppData\Local\Programs\Microsoft VS Code\bin;C:\Program Files\OpenSSL-Win64\bin;C:\Program Files\Git\;C:\Users\mario\.fly\bin;%DevEco Studio%;C:\Users\mario\AppData\Roaming\npm;C:\Users\mario\AppData\Roaming\nvm;C:\Program Files\nodejs;C:\Program Files\Git\usr\bin\vendor_perl;C:\Program Files\Git\usr\bin\core_perl

Yarn version: 
  1.22.19

Node version: 
  16.20.2

Platform: 
  win32 x64

Trace: 
  Error: https://registry.npmjs.org/@eslint%2fconfig: Not found
      at Request.params.callback [as _callback] (C:\Users\mario\AppData\Roaming\npm\node_modules\yarn\lib\cli.js:66145:18)
      at Request.self.callback (C:\Users\mario\AppData\Roaming\npm\node_modules\yarn\lib\cli.js:140890:22)
      at Request.emit (node:events:513:28)
      at Request.<anonymous> (C:\Users\mario\AppData\Roaming\npm\node_modules\yarn\lib\cli.js:141862:10)
      at Request.emit (node:events:513:28)
      at IncomingMessage.<anonymous> (C:\Users\mario\AppData\Roaming\npm\node_modules\yarn\lib\cli.js:141784:12)
      at Object.onceWrapper (node:events:627:28)
      at IncomingMessage.emit (node:events:525:35)
      at endReadableNT (node:internal/streams/readable:1358:12)
      at processTicksAndRejections (node:internal/process/task_queues:83:21)

npm manifest: 
  {
    "name": "newsletter-sign-up-with-success-message-main",
    "version": "1.0.0",
    "description": "Newsletter sign up frontendmentor challenge solution",
    "main": "index.js",
    "keywords": [],
    "author": "Mario Banovac",
    "license": "MIT"
  }

yarn manifest: 
  No manifest

Lockfile: 
  No lockfile
